<?xml version="1.0" encoding="UTF-8"?>
<testng-results skipped="0" failed="0" ignored="0" total="1" passed="1">
  <reporter-output>
  </reporter-output>
  <suite name="Default suite" duration-ms="12071" started-at="2019-05-30T15:38:37Z" finished-at="2019-05-30T15:38:49Z">
    <groups>
    </groups>
    <test name="Default test" duration-ms="12071" started-at="2019-05-30T15:38:37Z" finished-at="2019-05-30T15:38:49Z">
      <class name="com.class01.Task">
        <test-method status="PASS" signature="setUP()[pri:0, instance:com.class01.Task@1593948d]" name="setUP" is-config="true" duration-ms="4564" started-at="2019-05-30T15:38:37Z" finished-at="2019-05-30T15:38:41Z">
          <reporter-output>
          </reporter-output>
        </test-method> <!-- setUP -->
        <test-method status="PASS" signature="login()[pri:0, instance:com.class01.Task@1593948d]" name="login" duration-ms="5396" started-at="2019-05-30T15:38:41Z" finished-at="2019-05-30T15:38:47Z">
          <reporter-output>
          </reporter-output>
        </test-method> <!-- login -->
        <test-method status="PASS" signature="close()[pri:0, instance:com.class01.Task@1593948d]" name="close" is-config="true" duration-ms="2087" started-at="2019-05-30T15:38:47Z" finished-at="2019-05-30T15:38:49Z">
          <reporter-output>
          </reporter-output>
        </test-method> <!-- close -->
      </class> <!-- com.class01.Task -->
    </test> <!-- Default test -->
  </suite> <!-- Default suite -->
</testng-results>
